[0.290s] Invoking command in '/home/ubuntu/ros2_ws/src/articubot_one/build/articubot_one': /usr/bin/cmake --build /home/ubuntu/ros2_ws/src/articubot_one/build/articubot_one -- -j8 -l8
[1.407s] Invoked command in '/home/ubuntu/ros2_ws/src/articubot_one/build/articubot_one' returned '0': /usr/bin/cmake --build /home/ubuntu/ros2_ws/src/articubot_one/build/articubot_one -- -j8 -l8
[1.431s] Invoking command in '/home/ubuntu/ros2_ws/src/articubot_one/build/articubot_one': /usr/bin/cmake --install /home/ubuntu/ros2_ws/src/articubot_one/build/articubot_one
[1.457s] -- Install configuration: ""
[1.499s] -- Execute custom install script
[1.504s] -- Up-to-date symlink: /home/ubuntu/ros2_ws/src/articubot_one/install/articubot_one/share/articubot_one/config/drive_bot.rviz
[1.505s] -- Up-to-date symlink: /home/ubuntu/ros2_ws/src/articubot_one/install/articubot_one/share/articubot_one/config/empty.yaml
[1.505s] -- Up-to-date symlink: /home/ubuntu/ros2_ws/src/articubot_one/install/articubot_one/share/articubot_one/description/gazebo_control.xacro
[1.506s] -- Up-to-date symlink: /home/ubuntu/ros2_ws/src/articubot_one/install/articubot_one/share/articubot_one/description/inertial_macros.xacro
[1.506s] -- Up-to-date symlink: /home/ubuntu/ros2_ws/src/articubot_one/install/articubot_one/share/articubot_one/description/lidar.xacro
[1.506s] -- Up-to-date symlink: /home/ubuntu/ros2_ws/src/articubot_one/install/articubot_one/share/articubot_one/description/robot.urdf.xacro
[1.507s] -- Up-to-date symlink: /home/ubuntu/ros2_ws/src/articubot_one/install/articubot_one/share/articubot_one/description/robot_core.xacro
[1.507s] -- Up-to-date symlink: /home/ubuntu/ros2_ws/src/articubot_one/install/articubot_one/share/articubot_one/launch/launch_sim.launch.py
[1.508s] -- Up-to-date symlink: /home/ubuntu/ros2_ws/src/articubot_one/install/articubot_one/share/articubot_one/launch/rsp.launch.py
[1.508s] -- Up-to-date symlink: /home/ubuntu/ros2_ws/src/articubot_one/install/articubot_one/share/articubot_one/worlds/empty.world
[1.508s] -- Up-to-date symlink: /home/ubuntu/ros2_ws/src/articubot_one/install/articubot_one/share/articubot_one/worlds/obstacles.world
[1.508s] -- Up-to-date symlink: /home/ubuntu/ros2_ws/src/articubot_one/install/articubot_one/share/ament_index/resource_index/package_run_dependencies/articubot_one
[1.509s] -- Up-to-date symlink: /home/ubuntu/ros2_ws/src/articubot_one/install/articubot_one/share/ament_index/resource_index/parent_prefix_path/articubot_one
[1.509s] -- Up-to-date symlink: /home/ubuntu/ros2_ws/src/articubot_one/install/articubot_one/share/articubot_one/environment/ament_prefix_path.sh
[1.509s] -- Up-to-date symlink: /home/ubuntu/ros2_ws/src/articubot_one/install/articubot_one/share/articubot_one/environment/ament_prefix_path.dsv
[1.510s] -- Up-to-date symlink: /home/ubuntu/ros2_ws/src/articubot_one/install/articubot_one/share/articubot_one/environment/path.sh
[1.510s] -- Up-to-date symlink: /home/ubuntu/ros2_ws/src/articubot_one/install/articubot_one/share/articubot_one/environment/path.dsv
[1.510s] -- Up-to-date symlink: /home/ubuntu/ros2_ws/src/articubot_one/install/articubot_one/share/articubot_one/local_setup.bash
[1.511s] -- Up-to-date symlink: /home/ubuntu/ros2_ws/src/articubot_one/install/articubot_one/share/articubot_one/local_setup.sh
[1.511s] -- Up-to-date symlink: /home/ubuntu/ros2_ws/src/articubot_one/install/articubot_one/share/articubot_one/local_setup.zsh
[1.511s] -- Up-to-date symlink: /home/ubuntu/ros2_ws/src/articubot_one/install/articubot_one/share/articubot_one/local_setup.dsv
[1.512s] -- Symlinking: /home/ubuntu/ros2_ws/src/articubot_one/install/articubot_one/share/articubot_one/package.dsv
[1.604s] -- Up-to-date symlink: /home/ubuntu/ros2_ws/src/articubot_one/install/articubot_one/share/ament_index/resource_index/packages/articubot_one
[1.604s] -- Up-to-date symlink: /home/ubuntu/ros2_ws/src/articubot_one/install/articubot_one/share/articubot_one/cmake/articubot_oneConfig.cmake
[1.604s] -- Up-to-date symlink: /home/ubuntu/ros2_ws/src/articubot_one/install/articubot_one/share/articubot_one/cmake/articubot_oneConfig-version.cmake
[1.604s] -- Up-to-date symlink: /home/ubuntu/ros2_ws/src/articubot_one/install/articubot_one/share/articubot_one/package.xml
[1.607s] Invoked command in '/home/ubuntu/ros2_ws/src/articubot_one/build/articubot_one' returned '0': /usr/bin/cmake --install /home/ubuntu/ros2_ws/src/articubot_one/build/articubot_one
