[0.334s] Invoking command in '/home/ubuntu/ros2_ws/src/articubot_one/build/articubot_one': CMAKE_PREFIX_PATH=${CMAKE_PREFIX_PATH}:/home/ubuntu/ros2_ws/install/launch_testing_examples:/home/ubuntu/ros2_ws/install/examples_rclpy_pointcloud_publisher:/home/ubuntu/ros2_ws/install/examples_rclpy_minimal_subscriber:/home/ubuntu/ros2_ws/install/examples_rclpy_minimal_service:/home/ubuntu/ros2_ws/install/examples_rclpy_minimal_publisher:/home/ubuntu/ros2_ws/install/examples_rclpy_minimal_client:/home/ubuntu/ros2_ws/install/examples_rclpy_minimal_action_server:/home/ubuntu/ros2_ws/install/examples_rclpy_minimal_action_client:/home/ubuntu/ros2_ws/install/examples_rclpy_guard_conditions:/home/ubuntu/ros2_ws/install/examples_rclpy_executors:/opt/ros/humble /usr/bin/cmake /home/ubuntu/ros2_ws/src/articubot_one -DAMENT_CMAKE_SYMLINK_INSTALL=1 -DCMAKE_INSTALL_PREFIX=/home/ubuntu/ros2_ws/src/articubot_one/install/articubot_one
[0.463s] -- The C compiler identification is GNU 11.4.0
[0.571s] -- The CXX compiler identification is GNU 11.4.0
[0.578s] -- Detecting C compiler ABI info
[0.666s] -- Detecting C compiler ABI info - done
[0.671s] -- Check for working C compiler: /usr/bin/cc - skipped
[0.671s] -- Detecting C compile features
[0.672s] -- Detecting C compile features - done
[0.674s] -- Detecting CXX compiler ABI info
[0.735s] -- Detecting CXX compiler ABI info - done
[0.741s] -- Check for working CXX compiler: /usr/bin/c++ - skipped
[0.741s] -- Detecting CXX compile features
[0.741s] -- Detecting CXX compile features - done
[0.744s] -- Found ament_cmake: 1.3.11 (/opt/ros/humble/share/ament_cmake/cmake)
[0.874s] -- Found Python3: /usr/bin/python3 (found version "3.10.12") found components: Interpreter 
[0.929s] -- Override CMake install command with custom implementation using symlinks instead of copying resources
[0.963s] -- Found ament_lint_auto: 0.12.11 (/opt/ros/humble/share/ament_lint_auto/cmake)
[1.548s] -- Added test 'copyright' to check source files copyright and LICENSE
[1.553s] -- Added test 'cppcheck' to perform static code analysis on C / C++ code
[1.554s] -- Configured cppcheck include dirs: 
[1.554s] -- Configured cppcheck exclude dirs and/or files: 
[1.559s] -- Added test 'cpplint' to check C / C++ code against the Google style
[1.559s] -- Configured cpplint exclude dirs and/or files: 
[1.561s] -- Added test 'flake8' to check Python code syntax and style conventions
[1.563s] -- Added test 'lint_cmake' to check CMake code style
[1.564s] -- Added test 'pep257' to check Python code against some of the docstring style conventions in PEP 257
[2.019s] -- Added test 'uncrustify' to check C / C++ code style
[2.019s] -- Configured uncrustify additional arguments: 
[2.021s] -- Added test 'xmllint' to check XML markup files
[2.023s] -- Configuring done
[2.025s] -- Generating done
[2.026s] -- Build files have been written to: /home/ubuntu/ros2_ws/src/articubot_one/build/articubot_one
[2.029s] Invoked command in '/home/ubuntu/ros2_ws/src/articubot_one/build/articubot_one' returned '0': CMAKE_PREFIX_PATH=${CMAKE_PREFIX_PATH}:/home/ubuntu/ros2_ws/install/launch_testing_examples:/home/ubuntu/ros2_ws/install/examples_rclpy_pointcloud_publisher:/home/ubuntu/ros2_ws/install/examples_rclpy_minimal_subscriber:/home/ubuntu/ros2_ws/install/examples_rclpy_minimal_service:/home/ubuntu/ros2_ws/install/examples_rclpy_minimal_publisher:/home/ubuntu/ros2_ws/install/examples_rclpy_minimal_client:/home/ubuntu/ros2_ws/install/examples_rclpy_minimal_action_server:/home/ubuntu/ros2_ws/install/examples_rclpy_minimal_action_client:/home/ubuntu/ros2_ws/install/examples_rclpy_guard_conditions:/home/ubuntu/ros2_ws/install/examples_rclpy_executors:/opt/ros/humble /usr/bin/cmake /home/ubuntu/ros2_ws/src/articubot_one -DAMENT_CMAKE_SYMLINK_INSTALL=1 -DCMAKE_INSTALL_PREFIX=/home/ubuntu/ros2_ws/src/articubot_one/install/articubot_one
[2.030s] Invoking command in '/home/ubuntu/ros2_ws/src/articubot_one/build/articubot_one': CMAKE_PREFIX_PATH=${CMAKE_PREFIX_PATH}:/home/ubuntu/ros2_ws/install/launch_testing_examples:/home/ubuntu/ros2_ws/install/examples_rclpy_pointcloud_publisher:/home/ubuntu/ros2_ws/install/examples_rclpy_minimal_subscriber:/home/ubuntu/ros2_ws/install/examples_rclpy_minimal_service:/home/ubuntu/ros2_ws/install/examples_rclpy_minimal_publisher:/home/ubuntu/ros2_ws/install/examples_rclpy_minimal_client:/home/ubuntu/ros2_ws/install/examples_rclpy_minimal_action_server:/home/ubuntu/ros2_ws/install/examples_rclpy_minimal_action_client:/home/ubuntu/ros2_ws/install/examples_rclpy_guard_conditions:/home/ubuntu/ros2_ws/install/examples_rclpy_executors:/opt/ros/humble /usr/bin/cmake --build /home/ubuntu/ros2_ws/src/articubot_one/build/articubot_one -- -j8 -l8
[2.056s] Invoked command in '/home/ubuntu/ros2_ws/src/articubot_one/build/articubot_one' returned '0': CMAKE_PREFIX_PATH=${CMAKE_PREFIX_PATH}:/home/ubuntu/ros2_ws/install/launch_testing_examples:/home/ubuntu/ros2_ws/install/examples_rclpy_pointcloud_publisher:/home/ubuntu/ros2_ws/install/examples_rclpy_minimal_subscriber:/home/ubuntu/ros2_ws/install/examples_rclpy_minimal_service:/home/ubuntu/ros2_ws/install/examples_rclpy_minimal_publisher:/home/ubuntu/ros2_ws/install/examples_rclpy_minimal_client:/home/ubuntu/ros2_ws/install/examples_rclpy_minimal_action_server:/home/ubuntu/ros2_ws/install/examples_rclpy_minimal_action_client:/home/ubuntu/ros2_ws/install/examples_rclpy_guard_conditions:/home/ubuntu/ros2_ws/install/examples_rclpy_executors:/opt/ros/humble /usr/bin/cmake --build /home/ubuntu/ros2_ws/src/articubot_one/build/articubot_one -- -j8 -l8
[2.065s] Invoking command in '/home/ubuntu/ros2_ws/src/articubot_one/build/articubot_one': CMAKE_PREFIX_PATH=${CMAKE_PREFIX_PATH}:/home/ubuntu/ros2_ws/install/launch_testing_examples:/home/ubuntu/ros2_ws/install/examples_rclpy_pointcloud_publisher:/home/ubuntu/ros2_ws/install/examples_rclpy_minimal_subscriber:/home/ubuntu/ros2_ws/install/examples_rclpy_minimal_service:/home/ubuntu/ros2_ws/install/examples_rclpy_minimal_publisher:/home/ubuntu/ros2_ws/install/examples_rclpy_minimal_client:/home/ubuntu/ros2_ws/install/examples_rclpy_minimal_action_server:/home/ubuntu/ros2_ws/install/examples_rclpy_minimal_action_client:/home/ubuntu/ros2_ws/install/examples_rclpy_guard_conditions:/home/ubuntu/ros2_ws/install/examples_rclpy_executors:/opt/ros/humble /usr/bin/cmake --install /home/ubuntu/ros2_ws/src/articubot_one/build/articubot_one
[2.071s] -- Install configuration: ""
[2.072s] -- Execute custom install script
[2.072s] -- Symlinking: /home/ubuntu/ros2_ws/src/articubot_one/install/articubot_one/share/articubot_one/config/empty.yaml
[2.078s] -- Symlinking: /home/ubuntu/ros2_ws/src/articubot_one/install/articubot_one/share/articubot_one/description/robot.urdf.xacro
[2.086s] -- Symlinking: /home/ubuntu/ros2_ws/src/articubot_one/install/articubot_one/share/articubot_one/description/robot_core.xacro
[2.096s] -- Symlinking: /home/ubuntu/ros2_ws/src/articubot_one/install/articubot_one/share/articubot_one/launch/rsp.launch.py
[2.104s] -- Symlinking: /home/ubuntu/ros2_ws/src/articubot_one/install/articubot_one/share/articubot_one/worlds/empty.world
[2.110s] -- Symlinking: /home/ubuntu/ros2_ws/src/articubot_one/install/articubot_one/share/ament_index/resource_index/package_run_dependencies/articubot_one
[2.115s] -- Symlinking: /home/ubuntu/ros2_ws/src/articubot_one/install/articubot_one/share/ament_index/resource_index/parent_prefix_path/articubot_one
[2.121s] -- Symlinking: /home/ubuntu/ros2_ws/src/articubot_one/install/articubot_one/share/articubot_one/environment/ament_prefix_path.sh
[2.126s] -- Symlinking: /home/ubuntu/ros2_ws/src/articubot_one/install/articubot_one/share/articubot_one/environment/ament_prefix_path.dsv
[2.131s] -- Symlinking: /home/ubuntu/ros2_ws/src/articubot_one/install/articubot_one/share/articubot_one/environment/path.sh
[2.139s] -- Symlinking: /home/ubuntu/ros2_ws/src/articubot_one/install/articubot_one/share/articubot_one/environment/path.dsv
[2.145s] -- Symlinking: /home/ubuntu/ros2_ws/src/articubot_one/install/articubot_one/share/articubot_one/local_setup.bash
[2.150s] -- Symlinking: /home/ubuntu/ros2_ws/src/articubot_one/install/articubot_one/share/articubot_one/local_setup.sh
[2.156s] -- Symlinking: /home/ubuntu/ros2_ws/src/articubot_one/install/articubot_one/share/articubot_one/local_setup.zsh
[2.161s] -- Symlinking: /home/ubuntu/ros2_ws/src/articubot_one/install/articubot_one/share/articubot_one/local_setup.dsv
[2.166s] -- Symlinking: /home/ubuntu/ros2_ws/src/articubot_one/install/articubot_one/share/articubot_one/package.dsv
[2.341s] -- Symlinking: /home/ubuntu/ros2_ws/src/articubot_one/install/articubot_one/share/ament_index/resource_index/packages/articubot_one
[2.357s] -- Symlinking: /home/ubuntu/ros2_ws/src/articubot_one/install/articubot_one/share/articubot_one/cmake/articubot_oneConfig.cmake
[2.365s] -- Symlinking: /home/ubuntu/ros2_ws/src/articubot_one/install/articubot_one/share/articubot_one/cmake/articubot_oneConfig-version.cmake
[2.371s] -- Symlinking: /home/ubuntu/ros2_ws/src/articubot_one/install/articubot_one/share/articubot_one/package.xml
[2.380s] Invoked command in '/home/ubuntu/ros2_ws/src/articubot_one/build/articubot_one' returned '0': CMAKE_PREFIX_PATH=${CMAKE_PREFIX_PATH}:/home/ubuntu/ros2_ws/install/launch_testing_examples:/home/ubuntu/ros2_ws/install/examples_rclpy_pointcloud_publisher:/home/ubuntu/ros2_ws/install/examples_rclpy_minimal_subscriber:/home/ubuntu/ros2_ws/install/examples_rclpy_minimal_service:/home/ubuntu/ros2_ws/install/examples_rclpy_minimal_publisher:/home/ubuntu/ros2_ws/install/examples_rclpy_minimal_client:/home/ubuntu/ros2_ws/install/examples_rclpy_minimal_action_server:/home/ubuntu/ros2_ws/install/examples_rclpy_minimal_action_client:/home/ubuntu/ros2_ws/install/examples_rclpy_guard_conditions:/home/ubuntu/ros2_ws/install/examples_rclpy_executors:/opt/ros/humble /usr/bin/cmake --install /home/ubuntu/ros2_ws/src/articubot_one/build/articubot_one
