[2.664s] DEBUG:colcon:Command line arguments: ['/usr/bin/colcon', 'build', '--symlink-install']
[2.664s] DEBUG:colcon:Parsed command line arguments: Namespace(log_base=None, log_level=None, verb_name='build', build_base='build', install_base='install', merge_install=False, symlink_install=True, test_result_base=None, continue_on_error=False, executor='parallel', parallel_workers=8, event_handlers=None, ignore_user_meta=False, metas=['./colcon.meta'], base_paths=['.'], packages_ignore=None, packages_ignore_regex=None, paths=None, packages_up_to=None, packages_up_to_regex=None, packages_above=None, packages_above_and_dependencies=None, packages_above_depth=None, packages_select_by_dep=None, packages_skip_by_dep=None, packages_skip_up_to=None, packages_select_build_failed=False, packages_skip_build_finished=False, packages_select_test_failures=False, packages_skip_test_passed=False, packages_select=None, packages_skip=None, packages_select_regex=None, packages_skip_regex=None, packages_start=None, packages_end=None, allow_overriding=[], cmake_args=None, cmake_target=None, cmake_target_skip_unavailable=False, cmake_clean_cache=False, cmake_clean_first=False, cmake_force_configure=False, ament_cmake_args=None, catkin_cmake_args=None, catkin_skip_building_tests=False, mixin_files=None, mixin=None, verb_parser=<colcon_mixin.mixin.mixin_argument.MixinArgumentDecorator object at 0x74419aa90820>, verb_extension=<colcon_core.verb.build.BuildVerb object at 0x74419aa67ac0>, main=<bound method BuildVerb.main of <colcon_core.verb.build.BuildVerb object at 0x74419aa67ac0>>, mixin_verb=('build',))
[2.824s] Level 1:colcon.colcon_core.package_discovery:discover_packages(colcon_meta) check parameters
[2.824s] Level 1:colcon.colcon_core.package_discovery:discover_packages(recursive) check parameters
[2.824s] Level 1:colcon.colcon_core.package_discovery:discover_packages(ignore) check parameters
[2.824s] Level 1:colcon.colcon_core.package_discovery:discover_packages(path) check parameters
[2.824s] Level 1:colcon.colcon_core.package_discovery:discover_packages(colcon_meta) discover
[2.824s] Level 1:colcon.colcon_core.package_discovery:discover_packages(recursive) discover
[2.824s] INFO:colcon.colcon_core.package_discovery:Crawling recursively for packages in '/home/ubuntu/ros2_ws/src/articubot_one'
[2.825s] Level 1:colcon.colcon_core.package_identification:_identify(.) by extensions ['ignore', 'ignore_ament_install']
[2.825s] Level 1:colcon.colcon_core.package_identification:_identify(.) by extension 'ignore'
[2.825s] Level 1:colcon.colcon_core.package_identification:_identify(.) by extension 'ignore_ament_install'
[2.825s] Level 1:colcon.colcon_core.package_identification:_identify(.) by extensions ['colcon_pkg']
[2.825s] Level 1:colcon.colcon_core.package_identification:_identify(.) by extension 'colcon_pkg'
[2.825s] Level 1:colcon.colcon_core.package_identification:_identify(.) by extensions ['colcon_meta']
[2.825s] Level 1:colcon.colcon_core.package_identification:_identify(.) by extension 'colcon_meta'
[2.825s] Level 1:colcon.colcon_core.package_identification:_identify(.) by extensions ['ros']
[2.825s] Level 1:colcon.colcon_core.package_identification:_identify(.) by extension 'ros'
[2.835s] DEBUG:colcon.colcon_core.package_identification:Package '.' with type 'ros.ament_cmake' and name 'articubot_one'
[2.835s] Level 1:colcon.colcon_core.package_discovery:discover_packages(recursive) using defaults
[2.835s] Level 1:colcon.colcon_core.package_discovery:discover_packages(ignore) discover
[2.835s] Level 1:colcon.colcon_core.package_discovery:discover_packages(ignore) using defaults
[2.835s] Level 1:colcon.colcon_core.package_discovery:discover_packages(path) discover
[2.835s] Level 1:colcon.colcon_core.package_discovery:discover_packages(path) using defaults
[2.891s] Level 1:colcon.colcon_core.package_discovery:discover_packages(prefix_path) check parameters
[2.891s] Level 1:colcon.colcon_core.package_discovery:discover_packages(prefix_path) discover
[3.082s] DEBUG:colcon.colcon_installed_package_information.package_discovery:Found 24 installed packages in /home/ubuntu/ros2_ws/install
[3.083s] DEBUG:colcon.colcon_installed_package_information.package_discovery:Found 306 installed packages in /opt/ros/humble
[3.085s] Level 1:colcon.colcon_core.package_discovery:discover_packages(prefix_path) using defaults
