[14.136s] DEBUG:colcon:Command line arguments: ['/usr/bin/colcon', 'build']
[14.136s] DEBUG:colcon:Parsed command line arguments: Namespace(log_base=None, log_level=None, verb_name='build', build_base='build', install_base='install', merge_install=False, symlink_install=False, test_result_base=None, continue_on_error=False, executor='parallel', parallel_workers=8, event_handlers=None, ignore_user_meta=False, metas=['./colcon.meta'], base_paths=['.'], packages_ignore=None, packages_ignore_regex=None, paths=None, packages_up_to=None, packages_up_to_regex=None, packages_above=None, packages_above_and_dependencies=None, packages_above_depth=None, packages_select_by_dep=None, packages_skip_by_dep=None, packages_skip_up_to=None, packages_select_build_failed=False, packages_skip_build_finished=False, packages_select_test_failures=False, packages_skip_test_passed=False, packages_select=None, packages_skip=None, packages_select_regex=None, packages_skip_regex=None, packages_start=None, packages_end=None, allow_overriding=[], cmake_args=None, cmake_target=None, cmake_target_skip_unavailable=False, cmake_clean_cache=False, cmake_clean_first=False, cmake_force_configure=False, ament_cmake_args=None, catkin_cmake_args=None, catkin_skip_building_tests=False, mixin_files=None, mixin=None, verb_parser=<colcon_mixin.mixin.mixin_argument.MixinArgumentDecorator object at 0x7c9b8c54c7f0>, verb_extension=<colcon_core.verb.build.BuildVerb object at 0x7c9b8c523a90>, main=<bound method BuildVerb.main of <colcon_core.verb.build.BuildVerb object at 0x7c9b8c523a90>>, mixin_verb=('build',))
[68.497s] Level 1:colcon.colcon_core.package_discovery:discover_packages(colcon_meta) check parameters
[68.497s] Level 1:colcon.colcon_core.package_discovery:discover_packages(recursive) check parameters
[68.497s] Level 1:colcon.colcon_core.package_discovery:discover_packages(ignore) check parameters
[68.497s] Level 1:colcon.colcon_core.package_discovery:discover_packages(path) check parameters
[68.497s] Level 1:colcon.colcon_core.package_discovery:discover_packages(colcon_meta) discover
[68.497s] Level 1:colcon.colcon_core.package_discovery:discover_packages(recursive) discover
[68.498s] INFO:colcon.colcon_core.package_discovery:Crawling recursively for packages in '/home/ubuntu/ros2_ws/src/articubot_one'
[68.498s] Level 1:colcon.colcon_core.package_identification:_identify(.) by extensions ['ignore', 'ignore_ament_install']
[68.498s] Level 1:colcon.colcon_core.package_identification:_identify(.) by extension 'ignore'
[68.498s] Level 1:colcon.colcon_core.package_identification:_identify(.) by extension 'ignore_ament_install'
[68.498s] Level 1:colcon.colcon_core.package_identification:_identify(.) by extensions ['colcon_pkg']
[68.498s] Level 1:colcon.colcon_core.package_identification:_identify(.) by extension 'colcon_pkg'
[68.498s] Level 1:colcon.colcon_core.package_identification:_identify(.) by extensions ['colcon_meta']
[68.499s] Level 1:colcon.colcon_core.package_identification:_identify(.) by extension 'colcon_meta'
[68.499s] Level 1:colcon.colcon_core.package_identification:_identify(.) by extensions ['ros']
[68.499s] Level 1:colcon.colcon_core.package_identification:_identify(.) by extension 'ros'
[68.636s] DEBUG:colcon.colcon_core.package_identification:Package '.' with type 'ros.ament_cmake' and name 'articubot_one'
[68.636s] Level 1:colcon.colcon_core.package_discovery:discover_packages(recursive) using defaults
[68.636s] Level 1:colcon.colcon_core.package_discovery:discover_packages(ignore) discover
[68.636s] Level 1:colcon.colcon_core.package_discovery:discover_packages(ignore) using defaults
[68.636s] Level 1:colcon.colcon_core.package_discovery:discover_packages(path) discover
[68.636s] Level 1:colcon.colcon_core.package_discovery:discover_packages(path) using defaults
[69.174s] Level 1:colcon.colcon_core.package_discovery:discover_packages(prefix_path) check parameters
[69.174s] Level 1:colcon.colcon_core.package_discovery:discover_packages(prefix_path) discover
[69.322s] DEBUG:colcon.colcon_installed_package_information.package_discovery:Found 23 installed packages in /home/ubuntu/ros2_ws/install
[69.324s] DEBUG:colcon.colcon_installed_package_information.package_discovery:Found 306 installed packages in /opt/ros/humble
[69.327s] Level 1:colcon.colcon_core.package_discovery:discover_packages(prefix_path) using defaults
[71.194s] Level 5:colcon.colcon_core.verb:set package 'articubot_one' build argument 'cmake_args' from command line to 'None'
[71.194s] Level 5:colcon.colcon_core.verb:set package 'articubot_one' build argument 'cmake_target' from command line to 'None'
[71.194s] Level 5:colcon.colcon_core.verb:set package 'articubot_one' build argument 'cmake_target_skip_unavailable' from command line to 'False'
[71.194s] Level 5:colcon.colcon_core.verb:set package 'articubot_one' build argument 'cmake_clean_cache' from command line to 'False'
[71.194s] Level 5:colcon.colcon_core.verb:set package 'articubot_one' build argument 'cmake_clean_first' from command line to 'False'
[71.194s] Level 5:colcon.colcon_core.verb:set package 'articubot_one' build argument 'cmake_force_configure' from command line to 'False'
[71.194s] Level 5:colcon.colcon_core.verb:set package 'articubot_one' build argument 'ament_cmake_args' from command line to 'None'
[71.194s] Level 5:colcon.colcon_core.verb:set package 'articubot_one' build argument 'catkin_cmake_args' from command line to 'None'
[71.194s] Level 5:colcon.colcon_core.verb:set package 'articubot_one' build argument 'catkin_skip_building_tests' from command line to 'False'
[71.194s] DEBUG:colcon.colcon_core.verb:Building package 'articubot_one' with the following arguments: {'ament_cmake_args': None, 'build_base': '/home/ubuntu/ros2_ws/src/articubot_one/build/articubot_one', 'catkin_cmake_args': None, 'catkin_skip_building_tests': False, 'cmake_args': None, 'cmake_clean_cache': False, 'cmake_clean_first': False, 'cmake_force_configure': False, 'cmake_target': None, 'cmake_target_skip_unavailable': False, 'install_base': '/home/ubuntu/ros2_ws/src/articubot_one/install/articubot_one', 'merge_install': False, 'path': '/home/ubuntu/ros2_ws/src/articubot_one', 'symlink_install': False, 'test_result_base': None}
[71.194s] INFO:colcon.colcon_core.executor:Executing jobs using 'parallel' executor
[71.195s] DEBUG:colcon.colcon_parallel_executor.executor.parallel:run_until_complete
[71.195s] INFO:colcon.colcon_ros.task.ament_cmake.build:Building ROS package in '/home/ubuntu/ros2_ws/src/articubot_one' with build type 'ament_cmake'
[71.195s] INFO:colcon.colcon_cmake.task.cmake.build:Building CMake package in '/home/ubuntu/ros2_ws/src/articubot_one'
[71.386s] INFO:colcon.colcon_core.plugin_system:Skipping extension 'colcon_core.shell.bat': Not used on non-Windows systems
[71.387s] INFO:colcon.colcon_core.shell:Skip shell extension 'powershell' for command environment: Not usable outside of PowerShell
[71.387s] DEBUG:colcon.colcon_core.shell:Skip shell extension 'dsv' for command environment
[71.439s] DEBUG:colcon.colcon_core.event_handler.log_command:Invoking command in '/home/ubuntu/ros2_ws/src/articubot_one/build/articubot_one': CMAKE_PREFIX_PATH=${CMAKE_PREFIX_PATH}:/home/ubuntu/ros2_ws/install/launch_testing_examples:/home/ubuntu/ros2_ws/install/examples_rclpy_pointcloud_publisher:/home/ubuntu/ros2_ws/install/examples_rclpy_minimal_subscriber:/home/ubuntu/ros2_ws/install/examples_rclpy_minimal_service:/home/ubuntu/ros2_ws/install/examples_rclpy_minimal_publisher:/home/ubuntu/ros2_ws/install/examples_rclpy_minimal_client:/home/ubuntu/ros2_ws/install/examples_rclpy_minimal_action_server:/home/ubuntu/ros2_ws/install/examples_rclpy_minimal_action_client:/home/ubuntu/ros2_ws/install/examples_rclpy_guard_conditions:/home/ubuntu/ros2_ws/install/examples_rclpy_executors:/opt/ros/humble /usr/bin/cmake /home/ubuntu/ros2_ws/src/articubot_one -DCMAKE_INSTALL_PREFIX=/home/ubuntu/ros2_ws/src/articubot_one/install/articubot_one
[87.670s] DEBUG:colcon.colcon_core.event_handler.log_command:Invoked command in '/home/ubuntu/ros2_ws/src/articubot_one/build/articubot_one' returned '0': CMAKE_PREFIX_PATH=${CMAKE_PREFIX_PATH}:/home/ubuntu/ros2_ws/install/launch_testing_examples:/home/ubuntu/ros2_ws/install/examples_rclpy_pointcloud_publisher:/home/ubuntu/ros2_ws/install/examples_rclpy_minimal_subscriber:/home/ubuntu/ros2_ws/install/examples_rclpy_minimal_service:/home/ubuntu/ros2_ws/install/examples_rclpy_minimal_publisher:/home/ubuntu/ros2_ws/install/examples_rclpy_minimal_client:/home/ubuntu/ros2_ws/install/examples_rclpy_minimal_action_server:/home/ubuntu/ros2_ws/install/examples_rclpy_minimal_action_client:/home/ubuntu/ros2_ws/install/examples_rclpy_guard_conditions:/home/ubuntu/ros2_ws/install/examples_rclpy_executors:/opt/ros/humble /usr/bin/cmake /home/ubuntu/ros2_ws/src/articubot_one -DCMAKE_INSTALL_PREFIX=/home/ubuntu/ros2_ws/src/articubot_one/install/articubot_one
[87.672s] DEBUG:colcon.colcon_core.event_handler.log_command:Invoking command in '/home/ubuntu/ros2_ws/src/articubot_one/build/articubot_one': CMAKE_PREFIX_PATH=${CMAKE_PREFIX_PATH}:/home/ubuntu/ros2_ws/install/launch_testing_examples:/home/ubuntu/ros2_ws/install/examples_rclpy_pointcloud_publisher:/home/ubuntu/ros2_ws/install/examples_rclpy_minimal_subscriber:/home/ubuntu/ros2_ws/install/examples_rclpy_minimal_service:/home/ubuntu/ros2_ws/install/examples_rclpy_minimal_publisher:/home/ubuntu/ros2_ws/install/examples_rclpy_minimal_client:/home/ubuntu/ros2_ws/install/examples_rclpy_minimal_action_server:/home/ubuntu/ros2_ws/install/examples_rclpy_minimal_action_client:/home/ubuntu/ros2_ws/install/examples_rclpy_guard_conditions:/home/ubuntu/ros2_ws/install/examples_rclpy_executors:/opt/ros/humble /usr/bin/cmake --build /home/ubuntu/ros2_ws/src/articubot_one/build/articubot_one -- -j8 -l8
[87.835s] DEBUG:colcon.colcon_core.event_handler.log_command:Invoked command in '/home/ubuntu/ros2_ws/src/articubot_one/build/articubot_one' returned '0': CMAKE_PREFIX_PATH=${CMAKE_PREFIX_PATH}:/home/ubuntu/ros2_ws/install/launch_testing_examples:/home/ubuntu/ros2_ws/install/examples_rclpy_pointcloud_publisher:/home/ubuntu/ros2_ws/install/examples_rclpy_minimal_subscriber:/home/ubuntu/ros2_ws/install/examples_rclpy_minimal_service:/home/ubuntu/ros2_ws/install/examples_rclpy_minimal_publisher:/home/ubuntu/ros2_ws/install/examples_rclpy_minimal_client:/home/ubuntu/ros2_ws/install/examples_rclpy_minimal_action_server:/home/ubuntu/ros2_ws/install/examples_rclpy_minimal_action_client:/home/ubuntu/ros2_ws/install/examples_rclpy_guard_conditions:/home/ubuntu/ros2_ws/install/examples_rclpy_executors:/opt/ros/humble /usr/bin/cmake --build /home/ubuntu/ros2_ws/src/articubot_one/build/articubot_one -- -j8 -l8
[87.862s] DEBUG:colcon.colcon_core.event_handler.log_command:Invoking command in '/home/ubuntu/ros2_ws/src/articubot_one/build/articubot_one': CMAKE_PREFIX_PATH=${CMAKE_PREFIX_PATH}:/home/ubuntu/ros2_ws/install/launch_testing_examples:/home/ubuntu/ros2_ws/install/examples_rclpy_pointcloud_publisher:/home/ubuntu/ros2_ws/install/examples_rclpy_minimal_subscriber:/home/ubuntu/ros2_ws/install/examples_rclpy_minimal_service:/home/ubuntu/ros2_ws/install/examples_rclpy_minimal_publisher:/home/ubuntu/ros2_ws/install/examples_rclpy_minimal_client:/home/ubuntu/ros2_ws/install/examples_rclpy_minimal_action_server:/home/ubuntu/ros2_ws/install/examples_rclpy_minimal_action_client:/home/ubuntu/ros2_ws/install/examples_rclpy_guard_conditions:/home/ubuntu/ros2_ws/install/examples_rclpy_executors:/opt/ros/humble /usr/bin/cmake --install /home/ubuntu/ros2_ws/src/articubot_one/build/articubot_one
[87.876s] Level 1:colcon.colcon_core.environment:create_environment_scripts_only(articubot_one)
[87.876s] DEBUG:colcon.colcon_core.event_handler.log_command:Invoked command in '/home/ubuntu/ros2_ws/src/articubot_one/build/articubot_one' returned '0': CMAKE_PREFIX_PATH=${CMAKE_PREFIX_PATH}:/home/ubuntu/ros2_ws/install/launch_testing_examples:/home/ubuntu/ros2_ws/install/examples_rclpy_pointcloud_publisher:/home/ubuntu/ros2_ws/install/examples_rclpy_minimal_subscriber:/home/ubuntu/ros2_ws/install/examples_rclpy_minimal_service:/home/ubuntu/ros2_ws/install/examples_rclpy_minimal_publisher:/home/ubuntu/ros2_ws/install/examples_rclpy_minimal_client:/home/ubuntu/ros2_ws/install/examples_rclpy_minimal_action_server:/home/ubuntu/ros2_ws/install/examples_rclpy_minimal_action_client:/home/ubuntu/ros2_ws/install/examples_rclpy_guard_conditions:/home/ubuntu/ros2_ws/install/examples_rclpy_executors:/opt/ros/humble /usr/bin/cmake --install /home/ubuntu/ros2_ws/src/articubot_one/build/articubot_one
[88.317s] Level 1:colcon.colcon_core.environment:checking '/home/ubuntu/ros2_ws/src/articubot_one/install/articubot_one' for CMake module files
[88.318s] Level 1:colcon.colcon_core.environment:checking '/home/ubuntu/ros2_ws/src/articubot_one/install/articubot_one' for CMake config files
[88.318s] Level 1:colcon.colcon_core.shell:create_environment_hook('articubot_one', 'cmake_prefix_path')
[88.319s] INFO:colcon.colcon_core.shell:Creating environment hook '/home/ubuntu/ros2_ws/src/articubot_one/install/articubot_one/share/articubot_one/hook/cmake_prefix_path.ps1'
[88.376s] INFO:colcon.colcon_core.shell:Creating environment descriptor '/home/ubuntu/ros2_ws/src/articubot_one/install/articubot_one/share/articubot_one/hook/cmake_prefix_path.dsv'
[88.386s] INFO:colcon.colcon_core.shell:Creating environment hook '/home/ubuntu/ros2_ws/src/articubot_one/install/articubot_one/share/articubot_one/hook/cmake_prefix_path.sh'
[88.397s] Level 1:colcon.colcon_core.environment:checking '/home/ubuntu/ros2_ws/src/articubot_one/install/articubot_one/bin'
[88.397s] Level 1:colcon.colcon_core.environment:checking '/home/ubuntu/ros2_ws/src/articubot_one/install/articubot_one/lib/pkgconfig/articubot_one.pc'
[88.397s] Level 1:colcon.colcon_core.environment:checking '/home/ubuntu/ros2_ws/src/articubot_one/install/articubot_one/lib/python3.10/site-packages'
[88.397s] Level 1:colcon.colcon_core.environment:checking '/home/ubuntu/ros2_ws/src/articubot_one/install/articubot_one/bin'
[88.398s] INFO:colcon.colcon_core.shell:Creating package script '/home/ubuntu/ros2_ws/src/articubot_one/install/articubot_one/share/articubot_one/package.ps1'
[88.407s] INFO:colcon.colcon_core.shell:Creating package descriptor '/home/ubuntu/ros2_ws/src/articubot_one/install/articubot_one/share/articubot_one/package.dsv'
[88.444s] INFO:colcon.colcon_core.shell:Creating package script '/home/ubuntu/ros2_ws/src/articubot_one/install/articubot_one/share/articubot_one/package.sh'
[88.477s] INFO:colcon.colcon_core.shell:Creating package script '/home/ubuntu/ros2_ws/src/articubot_one/install/articubot_one/share/articubot_one/package.bash'
[88.495s] INFO:colcon.colcon_core.shell:Creating package script '/home/ubuntu/ros2_ws/src/articubot_one/install/articubot_one/share/articubot_one/package.zsh'
[88.506s] Level 1:colcon.colcon_core.environment:create_file_with_runtime_dependencies(/home/ubuntu/ros2_ws/src/articubot_one/install/articubot_one/share/colcon-core/packages/articubot_one)
[88.507s] Level 1:colcon.colcon_core.environment:create_environment_scripts_only(articubot_one)
[88.507s] Level 1:colcon.colcon_core.environment:checking '/home/ubuntu/ros2_ws/src/articubot_one/install/articubot_one' for CMake module files
[88.508s] Level 1:colcon.colcon_core.environment:checking '/home/ubuntu/ros2_ws/src/articubot_one/install/articubot_one' for CMake config files
[88.509s] Level 1:colcon.colcon_core.shell:create_environment_hook('articubot_one', 'cmake_prefix_path')
[88.509s] INFO:colcon.colcon_core.shell:Creating environment hook '/home/ubuntu/ros2_ws/src/articubot_one/install/articubot_one/share/articubot_one/hook/cmake_prefix_path.ps1'
[88.510s] INFO:colcon.colcon_core.shell:Creating environment descriptor '/home/ubuntu/ros2_ws/src/articubot_one/install/articubot_one/share/articubot_one/hook/cmake_prefix_path.dsv'
[88.510s] INFO:colcon.colcon_core.shell:Creating environment hook '/home/ubuntu/ros2_ws/src/articubot_one/install/articubot_one/share/articubot_one/hook/cmake_prefix_path.sh'
[88.511s] Level 1:colcon.colcon_core.environment:checking '/home/ubuntu/ros2_ws/src/articubot_one/install/articubot_one/bin'
[88.512s] Level 1:colcon.colcon_core.environment:checking '/home/ubuntu/ros2_ws/src/articubot_one/install/articubot_one/lib/pkgconfig/articubot_one.pc'
[88.512s] Level 1:colcon.colcon_core.environment:checking '/home/ubuntu/ros2_ws/src/articubot_one/install/articubot_one/lib/python3.10/site-packages'
[88.512s] Level 1:colcon.colcon_core.environment:checking '/home/ubuntu/ros2_ws/src/articubot_one/install/articubot_one/bin'
[88.513s] INFO:colcon.colcon_core.shell:Creating package script '/home/ubuntu/ros2_ws/src/articubot_one/install/articubot_one/share/articubot_one/package.ps1'
[88.514s] INFO:colcon.colcon_core.shell:Creating package descriptor '/home/ubuntu/ros2_ws/src/articubot_one/install/articubot_one/share/articubot_one/package.dsv'
[88.515s] INFO:colcon.colcon_core.shell:Creating package script '/home/ubuntu/ros2_ws/src/articubot_one/install/articubot_one/share/articubot_one/package.sh'
[88.515s] INFO:colcon.colcon_core.shell:Creating package script '/home/ubuntu/ros2_ws/src/articubot_one/install/articubot_one/share/articubot_one/package.bash'
[88.516s] INFO:colcon.colcon_core.shell:Creating package script '/home/ubuntu/ros2_ws/src/articubot_one/install/articubot_one/share/articubot_one/package.zsh'
[88.516s] Level 1:colcon.colcon_core.environment:create_file_with_runtime_dependencies(/home/ubuntu/ros2_ws/src/articubot_one/install/articubot_one/share/colcon-core/packages/articubot_one)
[88.517s] DEBUG:colcon.colcon_parallel_executor.executor.parallel:closing loop
[88.517s] DEBUG:colcon.colcon_parallel_executor.executor.parallel:loop closed
[88.518s] DEBUG:colcon.colcon_parallel_executor.executor.parallel:run_until_complete finished with '0'
[88.518s] DEBUG:colcon.colcon_core.event_reactor:joining thread
[88.605s] INFO:colcon.colcon_core.plugin_system:Skipping extension 'colcon_notification.desktop_notification.terminal_notifier': Not used on non-Darwin systems
[88.605s] INFO:colcon.colcon_core.plugin_system:Skipping extension 'colcon_notification.desktop_notification.win32': Not used on non-Windows systems
[88.605s] INFO:colcon.colcon_notification.desktop_notification:Sending desktop notification using 'notify2'
[88.619s] DEBUG:colcon.colcon_core.event_reactor:joined thread
[88.619s] INFO:colcon.colcon_core.shell:Creating prefix script '/home/ubuntu/ros2_ws/src/articubot_one/install/local_setup.ps1'
[88.646s] INFO:colcon.colcon_core.shell:Creating prefix util module '/home/ubuntu/ros2_ws/src/articubot_one/install/_local_setup_util_ps1.py'
[88.658s] INFO:colcon.colcon_core.shell:Creating prefix chain script '/home/ubuntu/ros2_ws/src/articubot_one/install/setup.ps1'
[88.694s] INFO:colcon.colcon_core.shell:Creating prefix script '/home/ubuntu/ros2_ws/src/articubot_one/install/local_setup.sh'
[88.706s] INFO:colcon.colcon_core.shell:Creating prefix util module '/home/ubuntu/ros2_ws/src/articubot_one/install/_local_setup_util_sh.py'
[88.707s] INFO:colcon.colcon_core.shell:Creating prefix chain script '/home/ubuntu/ros2_ws/src/articubot_one/install/setup.sh'
[88.723s] INFO:colcon.colcon_core.shell:Creating prefix script '/home/ubuntu/ros2_ws/src/articubot_one/install/local_setup.bash'
[88.747s] INFO:colcon.colcon_core.shell:Creating prefix chain script '/home/ubuntu/ros2_ws/src/articubot_one/install/setup.bash'
[88.758s] INFO:colcon.colcon_core.shell:Creating prefix script '/home/ubuntu/ros2_ws/src/articubot_one/install/local_setup.zsh'
[88.815s] INFO:colcon.colcon_core.shell:Creating prefix chain script '/home/ubuntu/ros2_ws/src/articubot_one/install/setup.zsh'
