[1.392s] Invoking command in '/home/ubuntu/ros2_ws/src/articubot_one/build/articubot_one': CMAKE_PREFIX_PATH=${CMAKE_PREFIX_PATH}:/home/ubuntu/ros2_ws/install/launch_testing_examples:/home/ubuntu/ros2_ws/install/examples_rclpy_pointcloud_publisher:/home/ubuntu/ros2_ws/install/examples_rclpy_minimal_subscriber:/home/ubuntu/ros2_ws/install/examples_rclpy_minimal_service:/home/ubuntu/ros2_ws/install/examples_rclpy_minimal_publisher:/home/ubuntu/ros2_ws/install/examples_rclpy_minimal_client:/home/ubuntu/ros2_ws/install/examples_rclpy_minimal_action_server:/home/ubuntu/ros2_ws/install/examples_rclpy_minimal_action_client:/home/ubuntu/ros2_ws/install/examples_rclpy_guard_conditions:/home/ubuntu/ros2_ws/install/examples_rclpy_executors:/opt/ros/humble /usr/bin/cmake --build /home/ubuntu/ros2_ws/src/articubot_one/build/articubot_one -- -j8 -l8
[1.392s] Invoked command in '/home/ubuntu/ros2_ws/src/articubot_one/build/articubot_one' returned '0': CMAKE_PREFIX_PATH=${CMAKE_PREFIX_PATH}:/home/ubuntu/ros2_ws/install/launch_testing_examples:/home/ubuntu/ros2_ws/install/examples_rclpy_pointcloud_publisher:/home/ubuntu/ros2_ws/install/examples_rclpy_minimal_subscriber:/home/ubuntu/ros2_ws/install/examples_rclpy_minimal_service:/home/ubuntu/ros2_ws/install/examples_rclpy_minimal_publisher:/home/ubuntu/ros2_ws/install/examples_rclpy_minimal_client:/home/ubuntu/ros2_ws/install/examples_rclpy_minimal_action_server:/home/ubuntu/ros2_ws/install/examples_rclpy_minimal_action_client:/home/ubuntu/ros2_ws/install/examples_rclpy_guard_conditions:/home/ubuntu/ros2_ws/install/examples_rclpy_executors:/opt/ros/humble /usr/bin/cmake --build /home/ubuntu/ros2_ws/src/articubot_one/build/articubot_one -- -j8 -l8
[1.393s] Invoking command in '/home/ubuntu/ros2_ws/src/articubot_one/build/articubot_one': CMAKE_PREFIX_PATH=${CMAKE_PREFIX_PATH}:/home/ubuntu/ros2_ws/install/launch_testing_examples:/home/ubuntu/ros2_ws/install/examples_rclpy_pointcloud_publisher:/home/ubuntu/ros2_ws/install/examples_rclpy_minimal_subscriber:/home/ubuntu/ros2_ws/install/examples_rclpy_minimal_service:/home/ubuntu/ros2_ws/install/examples_rclpy_minimal_publisher:/home/ubuntu/ros2_ws/install/examples_rclpy_minimal_client:/home/ubuntu/ros2_ws/install/examples_rclpy_minimal_action_server:/home/ubuntu/ros2_ws/install/examples_rclpy_minimal_action_client:/home/ubuntu/ros2_ws/install/examples_rclpy_guard_conditions:/home/ubuntu/ros2_ws/install/examples_rclpy_executors:/opt/ros/humble /usr/bin/cmake --install /home/ubuntu/ros2_ws/src/articubot_one/build/articubot_one
[1.393s] -- Install configuration: ""
[1.393s] -- Execute custom install script
[1.394s] -- Up-to-date symlink: /home/ubuntu/ros2_ws/src/articubot_one/install/articubot_one/share/articubot_one/config/drive_bot.rviz
[1.394s] -- Up-to-date symlink: /home/ubuntu/ros2_ws/src/articubot_one/install/articubot_one/share/articubot_one/config/empty.yaml
[1.394s] -- Up-to-date symlink: /home/ubuntu/ros2_ws/src/articubot_one/install/articubot_one/share/articubot_one/description/gazebo_control.xacro
[1.394s] -- Up-to-date symlink: /home/ubuntu/ros2_ws/src/articubot_one/install/articubot_one/share/articubot_one/description/inertial_macros.xacro
[1.394s] -- Up-to-date symlink: /home/ubuntu/ros2_ws/src/articubot_one/install/articubot_one/share/articubot_one/description/lidar.xacro
[1.394s] -- Up-to-date symlink: /home/ubuntu/ros2_ws/src/articubot_one/install/articubot_one/share/articubot_one/description/robot.urdf.xacro
[1.394s] -- Up-to-date symlink: /home/ubuntu/ros2_ws/src/articubot_one/install/articubot_one/share/articubot_one/description/robot_core.xacro
[1.394s] -- Up-to-date symlink: /home/ubuntu/ros2_ws/src/articubot_one/install/articubot_one/share/articubot_one/launch/launch_sim.launch.py
[1.394s] -- Up-to-date symlink: /home/ubuntu/ros2_ws/src/articubot_one/install/articubot_one/share/articubot_one/launch/rsp.launch.py
[1.395s] -- Up-to-date symlink: /home/ubuntu/ros2_ws/src/articubot_one/install/articubot_one/share/articubot_one/worlds/empty.world
[1.395s] -- Up-to-date symlink: /home/ubuntu/ros2_ws/src/articubot_one/install/articubot_one/share/articubot_one/worlds/obstacles.world
[1.395s] -- Up-to-date symlink: /home/ubuntu/ros2_ws/src/articubot_one/install/articubot_one/share/ament_index/resource_index/package_run_dependencies/articubot_one
[1.395s] -- Up-to-date symlink: /home/ubuntu/ros2_ws/src/articubot_one/install/articubot_one/share/ament_index/resource_index/parent_prefix_path/articubot_one
[1.395s] -- Up-to-date symlink: /home/ubuntu/ros2_ws/src/articubot_one/install/articubot_one/share/articubot_one/environment/ament_prefix_path.sh
[1.395s] -- Up-to-date symlink: /home/ubuntu/ros2_ws/src/articubot_one/install/articubot_one/share/articubot_one/environment/ament_prefix_path.dsv
[1.395s] -- Up-to-date symlink: /home/ubuntu/ros2_ws/src/articubot_one/install/articubot_one/share/articubot_one/environment/path.sh
[1.395s] -- Up-to-date symlink: /home/ubuntu/ros2_ws/src/articubot_one/install/articubot_one/share/articubot_one/environment/path.dsv
[1.395s] -- Up-to-date symlink: /home/ubuntu/ros2_ws/src/articubot_one/install/articubot_one/share/articubot_one/local_setup.bash
[1.395s] -- Up-to-date symlink: /home/ubuntu/ros2_ws/src/articubot_one/install/articubot_one/share/articubot_one/local_setup.sh
[1.396s] -- Up-to-date symlink: /home/ubuntu/ros2_ws/src/articubot_one/install/articubot_one/share/articubot_one/local_setup.zsh
[1.396s] -- Up-to-date symlink: /home/ubuntu/ros2_ws/src/articubot_one/install/articubot_one/share/articubot_one/local_setup.dsv
[1.396s] -- Symlinking: /home/ubuntu/ros2_ws/src/articubot_one/install/articubot_one/share/articubot_one/package.dsv
[1.396s] -- Up-to-date symlink: /home/ubuntu/ros2_ws/src/articubot_one/install/articubot_one/share/ament_index/resource_index/packages/articubot_one
[1.396s] -- Up-to-date symlink: /home/ubuntu/ros2_ws/src/articubot_one/install/articubot_one/share/articubot_one/cmake/articubot_oneConfig.cmake
[1.396s] -- Up-to-date symlink: /home/ubuntu/ros2_ws/src/articubot_one/install/articubot_one/share/articubot_one/cmake/articubot_oneConfig-version.cmake
[1.396s] -- Up-to-date symlink: /home/ubuntu/ros2_ws/src/articubot_one/install/articubot_one/share/articubot_one/package.xml
[1.396s] Invoked command in '/home/ubuntu/ros2_ws/src/articubot_one/build/articubot_one' returned '0': CMAKE_PREFIX_PATH=${CMAKE_PREFIX_PATH}:/home/ubuntu/ros2_ws/install/launch_testing_examples:/home/ubuntu/ros2_ws/install/examples_rclpy_pointcloud_publisher:/home/ubuntu/ros2_ws/install/examples_rclpy_minimal_subscriber:/home/ubuntu/ros2_ws/install/examples_rclpy_minimal_service:/home/ubuntu/ros2_ws/install/examples_rclpy_minimal_publisher:/home/ubuntu/ros2_ws/install/examples_rclpy_minimal_client:/home/ubuntu/ros2_ws/install/examples_rclpy_minimal_action_server:/home/ubuntu/ros2_ws/install/examples_rclpy_minimal_action_client:/home/ubuntu/ros2_ws/install/examples_rclpy_guard_conditions:/home/ubuntu/ros2_ws/install/examples_rclpy_executors:/opt/ros/humble /usr/bin/cmake --install /home/ubuntu/ros2_ws/src/articubot_one/build/articubot_one
