[0.008s] Invoking command in '/home/ubuntu/ros2_ws/src/articubot_one/build/articubot_one': CMAKE_PREFIX_PATH=${CMAKE_PREFIX_PATH}:/home/ubuntu/ros2_ws/install/launch_testing_examples:/home/ubuntu/ros2_ws/install/examples_rclpy_pointcloud_publisher:/home/ubuntu/ros2_ws/install/examples_rclpy_minimal_subscriber:/home/ubuntu/ros2_ws/install/examples_rclpy_minimal_service:/home/ubuntu/ros2_ws/install/examples_rclpy_minimal_publisher:/home/ubuntu/ros2_ws/install/examples_rclpy_minimal_client:/home/ubuntu/ros2_ws/install/examples_rclpy_minimal_action_server:/home/ubuntu/ros2_ws/install/examples_rclpy_minimal_action_client:/home/ubuntu/ros2_ws/install/examples_rclpy_guard_conditions:/home/ubuntu/ros2_ws/install/examples_rclpy_executors:/opt/ros/humble /usr/bin/cmake /home/ubuntu/ros2_ws/src/articubot_one -DAMENT_CMAKE_SYMLINK_INSTALL=1 -DCMAKE_INSTALL_PREFIX=/home/ubuntu/ros2_ws/src/articubot_one/install/articubot_one
[0.017s] -- Found ament_cmake: 1.3.11 (/opt/ros/humble/share/ament_cmake/cmake)
[0.116s] -- Override CMake install command with custom implementation using symlinks instead of copying resources
[0.122s] -- Found ament_lint_auto: 0.12.11 (/opt/ros/humble/share/ament_lint_auto/cmake)
[0.180s] -- Added test 'copyright' to check source files copyright and LICENSE
[0.189s] -- Added test 'cppcheck' to perform static code analysis on C / C++ code
[0.189s] -- Configured cppcheck include dirs: 
[0.189s] -- Configured cppcheck exclude dirs and/or files: 
[0.197s] -- Added test 'cpplint' to check C / C++ code against the Google style
[0.197s] -- Configured cpplint exclude dirs and/or files: 
[0.199s] -- Added test 'flake8' to check Python code syntax and style conventions
[0.201s] -- Added test 'lint_cmake' to check CMake code style
[0.203s] -- Added test 'pep257' to check Python code against some of the docstring style conventions in PEP 257
[0.211s] -- Added test 'uncrustify' to check C / C++ code style
[0.211s] -- Configured uncrustify additional arguments: 
[0.213s] -- Added test 'xmllint' to check XML markup files
[0.214s] -- Configuring done
[0.215s] -- Generating done
[0.216s] -- Build files have been written to: /home/ubuntu/ros2_ws/src/articubot_one/build/articubot_one
[0.218s] Invoked command in '/home/ubuntu/ros2_ws/src/articubot_one/build/articubot_one' returned '0': CMAKE_PREFIX_PATH=${CMAKE_PREFIX_PATH}:/home/ubuntu/ros2_ws/install/launch_testing_examples:/home/ubuntu/ros2_ws/install/examples_rclpy_pointcloud_publisher:/home/ubuntu/ros2_ws/install/examples_rclpy_minimal_subscriber:/home/ubuntu/ros2_ws/install/examples_rclpy_minimal_service:/home/ubuntu/ros2_ws/install/examples_rclpy_minimal_publisher:/home/ubuntu/ros2_ws/install/examples_rclpy_minimal_client:/home/ubuntu/ros2_ws/install/examples_rclpy_minimal_action_server:/home/ubuntu/ros2_ws/install/examples_rclpy_minimal_action_client:/home/ubuntu/ros2_ws/install/examples_rclpy_guard_conditions:/home/ubuntu/ros2_ws/install/examples_rclpy_executors:/opt/ros/humble /usr/bin/cmake /home/ubuntu/ros2_ws/src/articubot_one -DAMENT_CMAKE_SYMLINK_INSTALL=1 -DCMAKE_INSTALL_PREFIX=/home/ubuntu/ros2_ws/src/articubot_one/install/articubot_one
[0.220s] Invoking command in '/home/ubuntu/ros2_ws/src/articubot_one/build/articubot_one': CMAKE_PREFIX_PATH=${CMAKE_PREFIX_PATH}:/home/ubuntu/ros2_ws/install/launch_testing_examples:/home/ubuntu/ros2_ws/install/examples_rclpy_pointcloud_publisher:/home/ubuntu/ros2_ws/install/examples_rclpy_minimal_subscriber:/home/ubuntu/ros2_ws/install/examples_rclpy_minimal_service:/home/ubuntu/ros2_ws/install/examples_rclpy_minimal_publisher:/home/ubuntu/ros2_ws/install/examples_rclpy_minimal_client:/home/ubuntu/ros2_ws/install/examples_rclpy_minimal_action_server:/home/ubuntu/ros2_ws/install/examples_rclpy_minimal_action_client:/home/ubuntu/ros2_ws/install/examples_rclpy_guard_conditions:/home/ubuntu/ros2_ws/install/examples_rclpy_executors:/opt/ros/humble /usr/bin/cmake --build /home/ubuntu/ros2_ws/src/articubot_one/build/articubot_one -- -j8 -l8
[0.246s] Invoked command in '/home/ubuntu/ros2_ws/src/articubot_one/build/articubot_one' returned '0': CMAKE_PREFIX_PATH=${CMAKE_PREFIX_PATH}:/home/ubuntu/ros2_ws/install/launch_testing_examples:/home/ubuntu/ros2_ws/install/examples_rclpy_pointcloud_publisher:/home/ubuntu/ros2_ws/install/examples_rclpy_minimal_subscriber:/home/ubuntu/ros2_ws/install/examples_rclpy_minimal_service:/home/ubuntu/ros2_ws/install/examples_rclpy_minimal_publisher:/home/ubuntu/ros2_ws/install/examples_rclpy_minimal_client:/home/ubuntu/ros2_ws/install/examples_rclpy_minimal_action_server:/home/ubuntu/ros2_ws/install/examples_rclpy_minimal_action_client:/home/ubuntu/ros2_ws/install/examples_rclpy_guard_conditions:/home/ubuntu/ros2_ws/install/examples_rclpy_executors:/opt/ros/humble /usr/bin/cmake --build /home/ubuntu/ros2_ws/src/articubot_one/build/articubot_one -- -j8 -l8
[0.254s] Invoking command in '/home/ubuntu/ros2_ws/src/articubot_one/build/articubot_one': CMAKE_PREFIX_PATH=${CMAKE_PREFIX_PATH}:/home/ubuntu/ros2_ws/install/launch_testing_examples:/home/ubuntu/ros2_ws/install/examples_rclpy_pointcloud_publisher:/home/ubuntu/ros2_ws/install/examples_rclpy_minimal_subscriber:/home/ubuntu/ros2_ws/install/examples_rclpy_minimal_service:/home/ubuntu/ros2_ws/install/examples_rclpy_minimal_publisher:/home/ubuntu/ros2_ws/install/examples_rclpy_minimal_client:/home/ubuntu/ros2_ws/install/examples_rclpy_minimal_action_server:/home/ubuntu/ros2_ws/install/examples_rclpy_minimal_action_client:/home/ubuntu/ros2_ws/install/examples_rclpy_guard_conditions:/home/ubuntu/ros2_ws/install/examples_rclpy_executors:/opt/ros/humble /usr/bin/cmake --install /home/ubuntu/ros2_ws/src/articubot_one/build/articubot_one
[0.259s] -- Install configuration: ""
[0.259s] -- Execute custom install script
[0.260s] -- Up-to-date symlink: /home/ubuntu/ros2_ws/src/articubot_one/install/articubot_one/share/articubot_one/config/empty.yaml
[0.260s] -- Up-to-date symlink: /home/ubuntu/ros2_ws/src/articubot_one/install/articubot_one/share/articubot_one/description/robot.urdf.xacro
[0.260s] -- Up-to-date symlink: /home/ubuntu/ros2_ws/src/articubot_one/install/articubot_one/share/articubot_one/description/robot_core.xacro
[0.260s] -- Up-to-date symlink: /home/ubuntu/ros2_ws/src/articubot_one/install/articubot_one/share/articubot_one/launch/rsp.launch.py
[0.260s] -- Up-to-date symlink: /home/ubuntu/ros2_ws/src/articubot_one/install/articubot_one/share/articubot_one/worlds/empty.world
[0.260s] -- Up-to-date symlink: /home/ubuntu/ros2_ws/src/articubot_one/install/articubot_one/share/ament_index/resource_index/package_run_dependencies/articubot_one
[0.261s] -- Up-to-date symlink: /home/ubuntu/ros2_ws/src/articubot_one/install/articubot_one/share/ament_index/resource_index/parent_prefix_path/articubot_one
[0.261s] -- Up-to-date symlink: /home/ubuntu/ros2_ws/src/articubot_one/install/articubot_one/share/articubot_one/environment/ament_prefix_path.sh
[0.261s] -- Up-to-date symlink: /home/ubuntu/ros2_ws/src/articubot_one/install/articubot_one/share/articubot_one/environment/ament_prefix_path.dsv
[0.261s] -- Up-to-date symlink: /home/ubuntu/ros2_ws/src/articubot_one/install/articubot_one/share/articubot_one/environment/path.sh
[0.261s] -- Up-to-date symlink: /home/ubuntu/ros2_ws/src/articubot_one/install/articubot_one/share/articubot_one/environment/path.dsv
[0.261s] -- Up-to-date symlink: /home/ubuntu/ros2_ws/src/articubot_one/install/articubot_one/share/articubot_one/local_setup.bash
[0.261s] -- Up-to-date symlink: /home/ubuntu/ros2_ws/src/articubot_one/install/articubot_one/share/articubot_one/local_setup.sh
[0.261s] -- Up-to-date symlink: /home/ubuntu/ros2_ws/src/articubot_one/install/articubot_one/share/articubot_one/local_setup.zsh
[0.262s] -- Up-to-date symlink: /home/ubuntu/ros2_ws/src/articubot_one/install/articubot_one/share/articubot_one/local_setup.dsv
[0.262s] -- Symlinking: /home/ubuntu/ros2_ws/src/articubot_one/install/articubot_one/share/articubot_one/package.dsv
[0.268s] -- Up-to-date symlink: /home/ubuntu/ros2_ws/src/articubot_one/install/articubot_one/share/ament_index/resource_index/packages/articubot_one
[0.268s] -- Up-to-date symlink: /home/ubuntu/ros2_ws/src/articubot_one/install/articubot_one/share/articubot_one/cmake/articubot_oneConfig.cmake
[0.268s] -- Up-to-date symlink: /home/ubuntu/ros2_ws/src/articubot_one/install/articubot_one/share/articubot_one/cmake/articubot_oneConfig-version.cmake
[0.268s] -- Up-to-date symlink: /home/ubuntu/ros2_ws/src/articubot_one/install/articubot_one/share/articubot_one/package.xml
[0.269s] Invoked command in '/home/ubuntu/ros2_ws/src/articubot_one/build/articubot_one' returned '0': CMAKE_PREFIX_PATH=${CMAKE_PREFIX_PATH}:/home/ubuntu/ros2_ws/install/launch_testing_examples:/home/ubuntu/ros2_ws/install/examples_rclpy_pointcloud_publisher:/home/ubuntu/ros2_ws/install/examples_rclpy_minimal_subscriber:/home/ubuntu/ros2_ws/install/examples_rclpy_minimal_service:/home/ubuntu/ros2_ws/install/examples_rclpy_minimal_publisher:/home/ubuntu/ros2_ws/install/examples_rclpy_minimal_client:/home/ubuntu/ros2_ws/install/examples_rclpy_minimal_action_server:/home/ubuntu/ros2_ws/install/examples_rclpy_minimal_action_client:/home/ubuntu/ros2_ws/install/examples_rclpy_guard_conditions:/home/ubuntu/ros2_ws/install/examples_rclpy_executors:/opt/ros/humble /usr/bin/cmake --install /home/ubuntu/ros2_ws/src/articubot_one/build/articubot_one
