[0.849s] DEBUG:colcon:Command line arguments: ['/usr/bin/colcon', 'build', '--symlink-install']
[0.849s] DEBUG:colcon:Parsed command line arguments: Namespace(log_base=None, log_level=None, verb_name='build', build_base='build', install_base='install', merge_install=False, symlink_install=True, test_result_base=None, continue_on_error=False, executor='parallel', parallel_workers=8, event_handlers=None, ignore_user_meta=False, metas=['./colcon.meta'], base_paths=['.'], packages_ignore=None, packages_ignore_regex=None, paths=None, packages_up_to=None, packages_up_to_regex=None, packages_above=None, packages_above_and_dependencies=None, packages_above_depth=None, packages_select_by_dep=None, packages_skip_by_dep=None, packages_skip_up_to=None, packages_select_build_failed=False, packages_skip_build_finished=False, packages_select_test_failures=False, packages_skip_test_passed=False, packages_select=None, packages_skip=None, packages_select_regex=None, packages_skip_regex=None, packages_start=None, packages_end=None, allow_overriding=[], cmake_args=None, cmake_target=None, cmake_target_skip_unavailable=False, cmake_clean_cache=False, cmake_clean_first=False, cmake_force_configure=False, ament_cmake_args=None, catkin_cmake_args=None, catkin_skip_building_tests=False, mixin_files=None, mixin=None, verb_parser=<colcon_mixin.mixin.mixin_argument.MixinArgumentDecorator object at 0x7ccf3e32ca00>, verb_extension=<colcon_core.verb.build.BuildVerb object at 0x7ccf3e32c370>, main=<bound method BuildVerb.main of <colcon_core.verb.build.BuildVerb object at 0x7ccf3e32c370>>, mixin_verb=('build',))
[11.572s] Level 1:colcon.colcon_core.package_discovery:discover_packages(colcon_meta) check parameters
[11.573s] Level 1:colcon.colcon_core.package_discovery:discover_packages(recursive) check parameters
[11.573s] Level 1:colcon.colcon_core.package_discovery:discover_packages(ignore) check parameters
[11.573s] Level 1:colcon.colcon_core.package_discovery:discover_packages(path) check parameters
[11.573s] Level 1:colcon.colcon_core.package_discovery:discover_packages(colcon_meta) discover
[11.573s] Level 1:colcon.colcon_core.package_discovery:discover_packages(recursive) discover
[11.573s] INFO:colcon.colcon_core.package_discovery:Crawling recursively for packages in '/home/ubuntu/ros2_ws/src/articubot_one'
[11.573s] Level 1:colcon.colcon_core.package_identification:_identify(.) by extensions ['ignore', 'ignore_ament_install']
[11.573s] Level 1:colcon.colcon_core.package_identification:_identify(.) by extension 'ignore'
[11.573s] Level 1:colcon.colcon_core.package_identification:_identify(.) by extension 'ignore_ament_install'
[11.574s] Level 1:colcon.colcon_core.package_identification:_identify(.) by extensions ['colcon_pkg']
[11.574s] Level 1:colcon.colcon_core.package_identification:_identify(.) by extension 'colcon_pkg'
[11.574s] Level 1:colcon.colcon_core.package_identification:_identify(.) by extensions ['colcon_meta']
[11.574s] Level 1:colcon.colcon_core.package_identification:_identify(.) by extension 'colcon_meta'
[11.574s] Level 1:colcon.colcon_core.package_identification:_identify(.) by extensions ['ros']
[11.574s] Level 1:colcon.colcon_core.package_identification:_identify(.) by extension 'ros'
[11.814s] DEBUG:colcon.colcon_core.package_identification:Package '.' with type 'ros.ament_cmake' and name 'articubot_one'
[11.814s] Level 1:colcon.colcon_core.package_discovery:discover_packages(recursive) using defaults
[11.814s] Level 1:colcon.colcon_core.package_discovery:discover_packages(ignore) discover
[11.814s] Level 1:colcon.colcon_core.package_discovery:discover_packages(ignore) using defaults
[11.814s] Level 1:colcon.colcon_core.package_discovery:discover_packages(path) discover
[11.815s] Level 1:colcon.colcon_core.package_discovery:discover_packages(path) using defaults
[12.415s] Level 1:colcon.colcon_core.package_discovery:discover_packages(prefix_path) check parameters
[12.415s] Level 1:colcon.colcon_core.package_discovery:discover_packages(prefix_path) discover
[12.567s] Level 1:colcon.colcon_core.package_discovery:discover_packages(prefix_path) using defaults
[12.676s] Level 5:colcon.colcon_core.verb:set package 'articubot_one' build argument 'cmake_args' from command line to 'None'
[12.676s] Level 5:colcon.colcon_core.verb:set package 'articubot_one' build argument 'cmake_target' from command line to 'None'
[12.676s] Level 5:colcon.colcon_core.verb:set package 'articubot_one' build argument 'cmake_target_skip_unavailable' from command line to 'False'
[12.676s] Level 5:colcon.colcon_core.verb:set package 'articubot_one' build argument 'cmake_clean_cache' from command line to 'False'
[12.676s] Level 5:colcon.colcon_core.verb:set package 'articubot_one' build argument 'cmake_clean_first' from command line to 'False'
[12.676s] Level 5:colcon.colcon_core.verb:set package 'articubot_one' build argument 'cmake_force_configure' from command line to 'False'
[12.676s] Level 5:colcon.colcon_core.verb:set package 'articubot_one' build argument 'ament_cmake_args' from command line to 'None'
[12.676s] Level 5:colcon.colcon_core.verb:set package 'articubot_one' build argument 'catkin_cmake_args' from command line to 'None'
[12.676s] Level 5:colcon.colcon_core.verb:set package 'articubot_one' build argument 'catkin_skip_building_tests' from command line to 'False'
[12.676s] DEBUG:colcon.colcon_core.verb:Building package 'articubot_one' with the following arguments: {'ament_cmake_args': None, 'build_base': '/home/ubuntu/ros2_ws/src/articubot_one/build/articubot_one', 'catkin_cmake_args': None, 'catkin_skip_building_tests': False, 'cmake_args': None, 'cmake_clean_cache': False, 'cmake_clean_first': False, 'cmake_force_configure': False, 'cmake_target': None, 'cmake_target_skip_unavailable': False, 'install_base': '/home/ubuntu/ros2_ws/src/articubot_one/install/articubot_one', 'merge_install': False, 'path': '/home/ubuntu/ros2_ws/src/articubot_one', 'symlink_install': True, 'test_result_base': None}
[12.676s] INFO:colcon.colcon_core.executor:Executing jobs using 'parallel' executor
[12.679s] DEBUG:colcon.colcon_parallel_executor.executor.parallel:run_until_complete
[12.679s] INFO:colcon.colcon_ros.task.ament_cmake.build:Building ROS package in '/home/ubuntu/ros2_ws/src/articubot_one' with build type 'ament_cmake'
[12.679s] INFO:colcon.colcon_cmake.task.cmake.build:Building CMake package in '/home/ubuntu/ros2_ws/src/articubot_one'
[12.918s] INFO:colcon.colcon_core.plugin_system:Skipping extension 'colcon_core.shell.bat': Not used on non-Windows systems
[12.918s] INFO:colcon.colcon_core.shell:Skip shell extension 'powershell' for command environment: Not usable outside of PowerShell
[12.919s] DEBUG:colcon.colcon_core.shell:Skip shell extension 'dsv' for command environment
[12.970s] DEBUG:colcon.colcon_core.event_handler.log_command:Invoking command in '/home/ubuntu/ros2_ws/src/articubot_one/build/articubot_one': /usr/bin/cmake --build /home/ubuntu/ros2_ws/src/articubot_one/build/articubot_one -- -j8 -l8
[14.087s] DEBUG:colcon.colcon_core.event_handler.log_command:Invoked command in '/home/ubuntu/ros2_ws/src/articubot_one/build/articubot_one' returned '0': /usr/bin/cmake --build /home/ubuntu/ros2_ws/src/articubot_one/build/articubot_one -- -j8 -l8
[14.112s] DEBUG:colcon.colcon_core.event_handler.log_command:Invoking command in '/home/ubuntu/ros2_ws/src/articubot_one/build/articubot_one': /usr/bin/cmake --install /home/ubuntu/ros2_ws/src/articubot_one/build/articubot_one
[14.286s] Level 1:colcon.colcon_core.environment:create_environment_scripts_only(articubot_one)
[14.286s] DEBUG:colcon.colcon_core.event_handler.log_command:Invoked command in '/home/ubuntu/ros2_ws/src/articubot_one/build/articubot_one' returned '0': /usr/bin/cmake --install /home/ubuntu/ros2_ws/src/articubot_one/build/articubot_one
[14.396s] Level 1:colcon.colcon_core.environment:checking '/home/ubuntu/ros2_ws/src/articubot_one/install/articubot_one' for CMake module files
[14.397s] Level 1:colcon.colcon_core.environment:checking '/home/ubuntu/ros2_ws/src/articubot_one/install/articubot_one' for CMake config files
[14.398s] Level 1:colcon.colcon_core.shell:create_environment_hook('articubot_one', 'cmake_prefix_path')
[14.399s] INFO:colcon.colcon_core.shell:Creating environment hook '/home/ubuntu/ros2_ws/src/articubot_one/install/articubot_one/share/articubot_one/hook/cmake_prefix_path.ps1'
[14.411s] INFO:colcon.colcon_core.shell:Creating environment descriptor '/home/ubuntu/ros2_ws/src/articubot_one/install/articubot_one/share/articubot_one/hook/cmake_prefix_path.dsv'
[14.423s] INFO:colcon.colcon_core.shell:Creating environment hook '/home/ubuntu/ros2_ws/src/articubot_one/install/articubot_one/share/articubot_one/hook/cmake_prefix_path.sh'
[14.447s] Level 1:colcon.colcon_core.environment:checking '/home/ubuntu/ros2_ws/src/articubot_one/install/articubot_one/bin'
[14.447s] Level 1:colcon.colcon_core.environment:checking '/home/ubuntu/ros2_ws/src/articubot_one/install/articubot_one/lib/pkgconfig/articubot_one.pc'
[14.461s] Level 1:colcon.colcon_core.environment:checking '/home/ubuntu/ros2_ws/src/articubot_one/install/articubot_one/lib/python3.10/site-packages'
[14.461s] Level 1:colcon.colcon_core.environment:checking '/home/ubuntu/ros2_ws/src/articubot_one/install/articubot_one/bin'
[14.461s] INFO:colcon.colcon_core.shell:Creating package script '/home/ubuntu/ros2_ws/src/articubot_one/install/articubot_one/share/articubot_one/package.ps1'
[14.472s] INFO:colcon.colcon_core.shell:Creating package descriptor '/home/ubuntu/ros2_ws/src/articubot_one/install/articubot_one/share/articubot_one/package.dsv'
[14.475s] INFO:colcon.colcon_core.shell:Creating package script '/home/ubuntu/ros2_ws/src/articubot_one/install/articubot_one/share/articubot_one/package.sh'
[14.489s] INFO:colcon.colcon_core.shell:Creating package script '/home/ubuntu/ros2_ws/src/articubot_one/install/articubot_one/share/articubot_one/package.bash'
[14.512s] INFO:colcon.colcon_core.shell:Creating package script '/home/ubuntu/ros2_ws/src/articubot_one/install/articubot_one/share/articubot_one/package.zsh'
[14.523s] Level 1:colcon.colcon_core.environment:create_file_with_runtime_dependencies(/home/ubuntu/ros2_ws/src/articubot_one/install/articubot_one/share/colcon-core/packages/articubot_one)
[14.524s] Level 1:colcon.colcon_core.environment:create_environment_scripts_only(articubot_one)
[14.524s] Level 1:colcon.colcon_core.environment:checking '/home/ubuntu/ros2_ws/src/articubot_one/install/articubot_one' for CMake module files
[14.525s] Level 1:colcon.colcon_core.environment:checking '/home/ubuntu/ros2_ws/src/articubot_one/install/articubot_one' for CMake config files
[14.526s] Level 1:colcon.colcon_core.shell:create_environment_hook('articubot_one', 'cmake_prefix_path')
[14.526s] INFO:colcon.colcon_core.shell:Creating environment hook '/home/ubuntu/ros2_ws/src/articubot_one/install/articubot_one/share/articubot_one/hook/cmake_prefix_path.ps1'
[14.527s] INFO:colcon.colcon_core.shell:Creating environment descriptor '/home/ubuntu/ros2_ws/src/articubot_one/install/articubot_one/share/articubot_one/hook/cmake_prefix_path.dsv'
[14.528s] INFO:colcon.colcon_core.shell:Creating environment hook '/home/ubuntu/ros2_ws/src/articubot_one/install/articubot_one/share/articubot_one/hook/cmake_prefix_path.sh'
[14.529s] Level 1:colcon.colcon_core.environment:checking '/home/ubuntu/ros2_ws/src/articubot_one/install/articubot_one/bin'
[14.529s] Level 1:colcon.colcon_core.environment:checking '/home/ubuntu/ros2_ws/src/articubot_one/install/articubot_one/lib/pkgconfig/articubot_one.pc'
[14.529s] Level 1:colcon.colcon_core.environment:checking '/home/ubuntu/ros2_ws/src/articubot_one/install/articubot_one/lib/python3.10/site-packages'
[14.529s] Level 1:colcon.colcon_core.environment:checking '/home/ubuntu/ros2_ws/src/articubot_one/install/articubot_one/bin'
[14.530s] INFO:colcon.colcon_core.shell:Creating package script '/home/ubuntu/ros2_ws/src/articubot_one/install/articubot_one/share/articubot_one/package.ps1'
[14.531s] INFO:colcon.colcon_core.shell:Creating package descriptor '/home/ubuntu/ros2_ws/src/articubot_one/install/articubot_one/share/articubot_one/package.dsv'
[14.531s] INFO:colcon.colcon_core.shell:Creating package script '/home/ubuntu/ros2_ws/src/articubot_one/install/articubot_one/share/articubot_one/package.sh'
[14.532s] INFO:colcon.colcon_core.shell:Creating package script '/home/ubuntu/ros2_ws/src/articubot_one/install/articubot_one/share/articubot_one/package.bash'
[14.533s] INFO:colcon.colcon_core.shell:Creating package script '/home/ubuntu/ros2_ws/src/articubot_one/install/articubot_one/share/articubot_one/package.zsh'
[14.533s] Level 1:colcon.colcon_core.environment:create_file_with_runtime_dependencies(/home/ubuntu/ros2_ws/src/articubot_one/install/articubot_one/share/colcon-core/packages/articubot_one)
[14.534s] DEBUG:colcon.colcon_parallel_executor.executor.parallel:closing loop
[14.534s] DEBUG:colcon.colcon_parallel_executor.executor.parallel:loop closed
[14.534s] DEBUG:colcon.colcon_parallel_executor.executor.parallel:run_until_complete finished with '0'
[14.534s] DEBUG:colcon.colcon_core.event_reactor:joining thread
[14.622s] INFO:colcon.colcon_core.plugin_system:Skipping extension 'colcon_notification.desktop_notification.terminal_notifier': Not used on non-Darwin systems
[14.622s] INFO:colcon.colcon_core.plugin_system:Skipping extension 'colcon_notification.desktop_notification.win32': Not used on non-Windows systems
[14.622s] INFO:colcon.colcon_notification.desktop_notification:Sending desktop notification using 'notify2'
[14.633s] DEBUG:colcon.colcon_core.event_reactor:joined thread
[14.633s] INFO:colcon.colcon_core.shell:Creating prefix script '/home/ubuntu/ros2_ws/src/articubot_one/install/local_setup.ps1'
[14.668s] INFO:colcon.colcon_core.shell:Creating prefix util module '/home/ubuntu/ros2_ws/src/articubot_one/install/_local_setup_util_ps1.py'
[14.672s] INFO:colcon.colcon_core.shell:Creating prefix chain script '/home/ubuntu/ros2_ws/src/articubot_one/install/setup.ps1'
[14.693s] INFO:colcon.colcon_core.shell:Creating prefix script '/home/ubuntu/ros2_ws/src/articubot_one/install/local_setup.sh'
[14.736s] INFO:colcon.colcon_core.shell:Creating prefix util module '/home/ubuntu/ros2_ws/src/articubot_one/install/_local_setup_util_sh.py'
[14.737s] INFO:colcon.colcon_core.shell:Creating prefix chain script '/home/ubuntu/ros2_ws/src/articubot_one/install/setup.sh'
[14.752s] INFO:colcon.colcon_core.shell:Creating prefix script '/home/ubuntu/ros2_ws/src/articubot_one/install/local_setup.bash'
[14.797s] INFO:colcon.colcon_core.shell:Creating prefix chain script '/home/ubuntu/ros2_ws/src/articubot_one/install/setup.bash'
[14.807s] INFO:colcon.colcon_core.shell:Creating prefix script '/home/ubuntu/ros2_ws/src/articubot_one/install/local_setup.zsh'
[14.831s] INFO:colcon.colcon_core.shell:Creating prefix chain script '/home/ubuntu/ros2_ws/src/articubot_one/install/setup.zsh'
